2025-03-15 19:06:14.539106
/tmp/tmpr7y1ak4x
generate_infos 馬(不錯)我（你好）阿了子（打算）
[Errno 2] No such file or directory: '=cedict/data'

2025-03-15 19:09:23.304627
/tmp/tmpgdybmn0s
generate_infos 馬(不錯)我（你好）阿了子（打算）
[Errno 2] No such file or directory: '=cedict/data'

2025-03-15 19:09:30.360162
/tmp/tmpwpwmohde
generate_infos 馬(不錯)我（你好）阿了子（打算）
[Errno 2] No such file or directory: '=cedict/data'

2025-03-15 19:09:35.768809
/tmp/tmpavgb1y7l
generate_infos 馬(不錯)我（你好）阿了子（打算）
[Errno 2] No such file or directory: '=cedict/data'

2025-03-15 19:09:52.425454
/tmp/tmpz1iyk0xu
generate_infos 馬(不錯)我（你好）阿了子（打算）
[Errno 2] No such file or directory: '=cedict/data'

2025-03-15 19:10:27.578262
/tmp/tmpv4p20_ps
generate_infos 馬(不錯)我（你好）阿了子（打算）
[Errno 2] No such file or directory: '=cedict/data'

2025-03-15 19:10:30.130591
/tmp/tmpatdk1si9
generate_infos 馬(不錯)我（你好）阿了子（打算）
[Errno 2] No such file or directory: '=cedict/data'

2025-03-15 19:12:37.286511
/tmp/tmpyiiu7_3r
generate_infos 馬(不錯)我（你好）阿了子（打算）
[Errno 2] No such file or directory: '=cedict/data'

2025-03-15 19:13:24.175698
/tmp/tmp8hei9ta_
generate_infos 馬(不錯)我（你好）阿了子（打算）
[Errno 2] No such file or directory: '=cedict/data'

2025-03-15 19:13:40.141657
/tmp/tmp9e44_40_
generate_infos 馬(不錯)我（你好）阿了子（打算）
[Errno 2] No such file or directory: '=cedict/data'

